[0m[[0m[0mdebug[0m] [0m[0m> Exec(early(addDefaultCommands), None, None)[0m
[0m[[0m[0mdebug[0m] [0m[0m> Exec(addDefaultCommands, None, None)[0m
[0m[[0m[0mdebug[0m] [0m[0m> Exec(early(initialize), None, None)[0m
[0m[[0m[0mdebug[0m] [0m[0m> Exec(initialize, None, None)[0m
[0m[[0m[0mdebug[0m] [0m[0m> Exec(boot, None, None)[0m
[0m[[0m[0mdebug[0m] [0m[0m> Exec(writeSbtVersion, None, None)[0m
[0m[[0m[0mdebug[0m] [0m[0m> Exec(reload, None, None)[0m
[0m[[0m[0mdebug[0m] [0m[0m> Exec(sbtStashOnFailure, None, None)[0m
[0m[[0m[0mdebug[0m] [0m[0m> Exec(onFailure loadFailed, None, None)[0m
[0m[[0m[0mdebug[0m] [0m[0m> Exec(loadp, None, None)[0m
[0m[[0m[0minfo[0m] [0m[0mwelcome to sbt 1.9.8 (Eclipse Adoptium Java 17.0.18)[0m
[0m[[0m[0mdebug[0m] [0m[0mLoad.defaultLoad until apply took 279.321499ms[0m
[0m[[0m[0mdebug[0m] [0m[0m          Load.loadUnit: plugins took 139.412799ms[0m
[0m[[0m[0mdebug[0m] [0m[0m          Load.loadUnit: defsScala took 0.8245ms[0m
[0m[[0m[0mdebug[0m] [0m[0m[Loading] Scanning directory C:\Users\ThinkPad\SIMTEA-PFSD\Check-in\project[0m
[0m[[0m[0mdebug[0m] [0m[0m            Load.loadUnit: mkEval took 8.304699ms[0m
[0m[[0m[0mdebug[0m] [0m[0m[Loading] Found non-root projects [0m
[0m[[0m[0mdebug[0m] [0m[0m[Loading] Done in C:\Users\ThinkPad\SIMTEA-PFSD\Check-in\project, returning: ()[0m
[0m[[0m[0mdebug[0m] [0m[0mdeducing auto plugins based on known facts Set(Atom(sbt.plugins.CorePlugin)) and clauses Clauses(Clause(Atom(sbt.plugins.JvmPlugin),Set(Atom(sbt.plugins.IvyPlugin)))[0m
[0m[[0m[0mdebug[0m] [0m[0mClause(Atom(sbt.ScriptedPlugin),Set(Atom(sbt.plugins.JvmPlugin)))[0m
[0m[[0m[0mdebug[0m] [0m[0mClause(Atom(sbt.plugins.SbtPlugin),Set(Atom(sbt.ScriptedPlugin)))[0m
[0m[[0m[0mdebug[0m] [0m[0mClause(Atom(sbt.plugins.SemanticdbPlugin),Set(Atom(sbt.plugins.JvmPlugin)))[0m
[0m[[0m[0mdebug[0m] [0m[0mClause(Atom(sbt.plugins.JUnitXmlReportPlugin),Set(Atom(sbt.plugins.JvmPlugin)))[0m
[0m[[0m[0mdebug[0m] [0m[0mClause(Atom(sbt.plugins.MiniDependencyTreePlugin),Set(Atom(sbt.plugins.JvmPlugin)))[0m
[0m[[0m[0mdebug[0m] [0m[0mClause(Atom(sbt.plugins.CorePlugin),Set(Atom(sbt.plugins.IvyPlugin)))[0m
[0m[[0m[0mdebug[0m] [0m[0mClause(Atom(sbt.plugins.IvyPlugin),Set(Atom(sbt.plugins.JvmPlugin)))[0m
[0m[[0m[0mdebug[0m] [0m[0mClause(Atom(sbt.plugins.JvmPlugin),Set(Atom(sbt.plugins.SemanticdbPlugin)))[0m
[0m[[0m[0mdebug[0m] [0m[0mClause(Atom(sbt.plugins.JvmPlugin),Set(Atom(sbt.plugins.JUnitXmlReportPlugin)))[0m
[0m[[0m[0mdebug[0m] [0m[0mClause(Atom(sbt.plugins.CorePlugin),Set(Atom(sbt.plugins.Giter8TemplatePlugin)))[0m
[0m[[0m[0mdebug[0m] [0m[0mClause(Atom(sbt.plugins.JvmPlugin),Set(Atom(sbt.plugins.MiniDependencyTreePlugin))))[0m
[0m[[0m[0mdebug[0m] [0m[0m  :: deduced result: Matched(sbt.plugins.CorePlugin,sbt.plugins.Giter8TemplatePlugin,sbt.plugins.IvyPlugin,sbt.plugins.JvmPlugin,sbt.plugins.MiniDependencyTreePlugin,sbt.plugins.JUnitXmlReportPlugin,sbt.plugins.SemanticdbPlugin)[0m
[0m[[0m[0mdebug[0m] [0m[0mPlugins.deducer#function took 15.939199 ms[0m
[0m[[0m[0minfo[0m] [0m[0mloading settings for project check-in-build from plugins.sbt ...[0m
[0m[[0m[0mdebug[0m] [0m[0m              Load.resolveProject(check-in-build) took 34.006301ms[0m
[0m[[0m[0mdebug[0m] [0m[0m            Load.loadTransitive: finalizeProject(Project(id check-in-build, base: C:\Users\ThinkPad\SIMTEA-PFSD\Check-in\project, plugins: List(<none>))) took 66.442899ms[0m
[0m[[0m[0mdebug[0m] [0m[0m[Loading] Done in C:\Users\ThinkPad\SIMTEA-PFSD\Check-in\project, returning: (check-in-build)[0m
[0m[[0m[0mdebug[0m] [0m[0m          Load.loadUnit: loadedProjectsRaw took 382.7958ms[0m
[0m[[0m[0mdebug[0m] [0m[0m          Load.loadUnit: cleanEvalClasses took 6.7508ms[0m
[0m[[0m[0mdebug[0m] [0m[0m        Load.loadUnit(file:/C:/Users/ThinkPad/SIMTEA-PFSD/Check-in/project/, ...) took 536.7856ms[0m
[0m[[0m[0mdebug[0m] [0m[0m      Load.apply: load took 628.746ms[0m
[0m[[0m[0mdebug[0m] [0m[0m      Load.apply: resolveProjects took 4.8198ms[0m
[0m[[0m[0mdebug[0m] [0m[0m      Load.apply: finalTransforms took 57.7683ms[0m
[0m[[0m[0mdebug[0m] [0m[0m      Load.apply: config.delegates took 11.2541ms[0m
[0m[[0m[0mdebug[0m] [0m[0m      Load.apply: Def.make(settings)... took 545.140301ms[0m
[0m[[0m[0mdebug[0m] [0m[0m      Load.apply: structureIndex took 123.200699ms[0m
[0m[[0m[0mdebug[0m] [0m[0m      Load.apply: mkStreams took 4.6489ms[0m
[0m[[0m[0minfo[0m] [0m[0mloading project definition from C:\Users\ThinkPad\SIMTEA-PFSD\Check-in\project[0m
[0m[[0m[0mdebug[0m] [0m[0mRunning task... Cancel: Signal, check cycles: false, forcegc: true[0m
[0m[[0m[0mdebug[0m] [0m[0m    Load.loadUnit: plugins took 2383.0071ms[0m
[0m[[0m[0mdebug[0m] [0m[0m    Load.loadUnit: defsScala took 0.002899ms[0m
[0m[[0m[0mdebug[0m] [0m[0m[Loading] Scanning directory C:\Users\ThinkPad\SIMTEA-PFSD\Check-in[0m
[0m[[0m[0mdebug[0m] [0m[0m      Load.loadUnit: mkEval took 0.3361ms[0m
[0m[[0m[0mdebug[0m] [0m[0m[Loading] Found non-root projects [0m
[0m[[0m[0mdebug[0m] [0m[0m[Loading] Done in C:\Users\ThinkPad\SIMTEA-PFSD\Check-in, returning: ()[0m
[0m[[0m[0mdebug[0m] [0m[0mdeducing auto plugins based on known facts Set(Atom(com.typesafe.sbt.packager.archetypes.JavaAppPackaging), Atom(com.typesafe.sbt.packager.docker.DockerPlugin), Atom(sbt.plugins.CorePlugin)) and clauses Clauses(Clause(Atom(sbt.plugins.JvmPlugin),Set(Atom(sbt.plugins.IvyPlugin)))[0m
[0m[[0m[0mdebug[0m] [0m[0mClause(Atom(sbt.ScriptedPlugin),Set(Atom(sbt.plugins.JvmPlugin)))[0m
[0m[[0m[0mdebug[0m] [0m[0mClause(Atom(sbt.plugins.SbtPlugin),Set(Atom(sbt.ScriptedPlugin)))[0m
[0m[[0m[0mdebug[0m] [0m[0mClause(Atom(sbt.plugins.SemanticdbPlugin),Set(Atom(sbt.plugins.JvmPlugin)))[0m
[0m[[0m[0mdebug[0m] [0m[0mClause(Atom(sbt.plugins.JUnitXmlReportPlugin),Set(Atom(sbt.plugins.JvmPlugin)))[0m
[0m[[0m[0mdebug[0m] [0m[0mClause(Atom(sbt.plugins.MiniDependencyTreePlugin),Set(Atom(sbt.plugins.JvmPlugin)))[0m
[0m[[0m[0mdebug[0m] [0m[0mClause(Atom(com.typesafe.sbt.SbtNativePackager),Set(Atom(sbt.plugins.JvmPlugin)))[0m
[0m[[0m[0mdebug[0m] [0m[0mClause(Atom(com.typesafe.sbt.packager.archetypes.JavaAppPackaging),Set(Atom(com.typesafe.sbt.packager.windows.WindowsPlugin)))[0m
[0m[[0m[0mdebug[0m] [0m[0mClause(Atom(com.typesafe.sbt.packager.archetypes.JavaAppPackaging),Set(Atom(com.typesafe.sbt.packager.debian.DebianPlugin)))[0m
[0m[[0m[0mdebug[0m] [0m[0mClause(Atom(com.typesafe.sbt.packager.archetypes.JavaAppPackaging),Set(Atom(com.typesafe.sbt.packager.rpm.RpmPlugin)))[0m
[0m[[0m[0mdebug[0m] [0m[0mClause(Atom(com.typesafe.sbt.packager.archetypes.scripts.AshScriptPlugin),Set(Atom(com.typesafe.sbt.packager.archetypes.scripts.BashStartScriptPlugin)))[0m
[0m[[0m[0mdebug[0m] [0m[0mClause(Atom(com.typesafe.sbt.packager.archetypes.systemloader.SystemVPlugin),Set(Atom(com.typesafe.sbt.packager.archetypes.systemloader.SystemloaderPlugin)))[0m
[0m[[0m[0mdebug[0m] [0m[0mClause(Atom(com.typesafe.sbt.packager.archetypes.systemloader.SystemdPlugin),Set(Atom(com.typesafe.sbt.packager.archetypes.systemloader.SystemloaderPlugin)))[0m
[0m[[0m[0mdebug[0m] [0m[0mClause(Atom(com.typesafe.sbt.packager.archetypes.systemloader.SystemloaderPlugin),Set(Atom(com.typesafe.sbt.packager.debian.DebianPlugin)))[0m
[0m[[0m[0mdebug[0m] [0m[0mClause(Atom(com.typesafe.sbt.packager.archetypes.systemloader.SystemloaderPlugin),Set(Atom(com.typesafe.sbt.packager.rpm.RpmPlugin)))[0m
[0m[[0m[0mdebug[0m] [0m[0mClause(Atom(com.typesafe.sbt.packager.archetypes.systemloader.UpstartPlugin),Set(Atom(com.typesafe.sbt.packager.archetypes.systemloader.SystemloaderPlugin)))[0m
[0m[[0m[0mdebug[0m] [0m[0mClause(Atom(com.typesafe.sbt.packager.debian.DebianDeployPlugin),Set(Atom(com.typesafe.sbt.packager.debian.DebianPlugin)))[0m
[0m[[0m[0mdebug[0m] [0m[0mClause(Atom(com.typesafe.sbt.packager.debian.DebianPlugin),Set(Atom(com.typesafe.sbt.packager.linux.LinuxPlugin)))[0m
[0m[[0m[0mdebug[0m] [0m[0mClause(Atom(com.typesafe.sbt.packager.debian.JDebPackaging),Set(Atom(com.typesafe.sbt.packager.debian.DebianPlugin)))[0m
[0m[[0m[0mdebug[0m] [0m[0mClause(Atom(com.typesafe.sbt.packager.docker.DockerPlugin),Set(Atom(com.typesafe.sbt.packager.universal.UniversalPlugin)))[0m
[0m[[0m[0mdebug[0m] [0m[0mClause(Atom(com.typesafe.sbt.packager.jdkpackager.JDKPackagerDeployPlugin),Set(Atom(com.typesafe.sbt.packager.jdkpackager.JDKPackagerPlugin)))[0m
[0m[[0m[0mdebug[0m] [0m[0mClause(Atom(com.typesafe.sbt.packager.jdkpackager.JDKPackagerPlugin),Set(Atom(com.typesafe.sbt.packager.archetypes.jar.LauncherJarPlugin)))[0m
[0m[[0m[0mdebug[0m] [0m[0mClause(Atom(com.typesafe.sbt.packager.linux.LinuxPlugin),Set(Atom(com.typesafe.sbt.packager.universal.UniversalPlugin)))[0m
[0m[[0m[0mdebug[0m] [0m[0mClause(Atom(com.typesafe.sbt.packager.rpm.RpmDeployPlugin),Set(Atom(com.typesafe.sbt.packager.rpm.RpmPlugin)))[0m
[0m[[0m[0mdebug[0m] [0m[0mClause(Atom(com.typesafe.sbt.packager.rpm.RpmPlugin),Set(Atom(com.typesafe.sbt.packager.linux.LinuxPlugin)))[0m
[0m[[0m[0mdebug[0m] [0m[0mClause(Atom(com.typesafe.sbt.packager.universal.UniversalDeployPlugin),Set(Atom(com.typesafe.sbt.packager.universal.UniversalPlugin)))[0m
[0m[[0m[0mdebug[0m] [0m[0mClause(Atom(com.typesafe.sbt.packager.universal.UniversalPlugin),Set(Atom(com.typesafe.sbt.SbtNativePackager)))[0m
[0m[[0m[0mdebug[0m] [0m[0mClause(Atom(com.typesafe.sbt.packager.windows.WindowsDeployPlugin),Set(Atom(com.typesafe.sbt.packager.windows.WindowsPlugin)))[0m
[0m[[0m[0mdebug[0m] [0m[0mClause(Atom(com.typesafe.sbt.packager.windows.WindowsPlugin),Set(Atom(com.typesafe.sbt.packager.universal.UniversalPlugin)))[0m
[0m[[0m[0mdebug[0m] [0m[0mClause(Atom(sbt.plugins.CorePlugin),Set(Atom(sbt.plugins.IvyPlugin)))[0m
[0m[[0m[0mdebug[0m] [0m[0mClause(Atom(sbt.plugins.IvyPlugin),Set(Atom(sbt.plugins.JvmPlugin)))[0m
[0m[[0m[0mdebug[0m] [0m[0mClause(Atom(sbt.plugins.JvmPlugin),Set(Atom(sbt.plugins.SemanticdbPlugin)))[0m
[0m[[0m[0mdebug[0m] [0m[0mClause(Atom(sbt.plugins.JvmPlugin),Set(Atom(sbt.plugins.JUnitXmlReportPlugin)))[0m
[0m[[0m[0mdebug[0m] [0m[0mClause(Atom(sbt.plugins.CorePlugin),Set(Atom(sbt.plugins.Giter8TemplatePlugin)))[0m
[0m[[0m[0mdebug[0m] [0m[0mClause(Atom(sbt.plugins.JvmPlugin),Set(Atom(sbt.plugins.MiniDependencyTreePlugin)))[0m
[0m[[0m[0mdebug[0m] [0m[0mClause(Atom(com.typesafe.sbt.packager.archetypes.JavaAppPackaging),Set(Atom(com.typesafe.sbt.packager.archetypes.scripts.BashStartScriptPlugin)))[0m
[0m[[0m[0mdebug[0m] [0m[0mClause(Atom(com.typesafe.sbt.packager.archetypes.JavaAppPackaging),Set(Atom(com.typesafe.sbt.packager.archetypes.scripts.BatStartScriptPlugin))))[0m
[0m[[0m[0mdebug[0m] [0m[0m  :: deduced result: Matched(sbt.plugins.CorePlugin,com.typesafe.sbt.packager.docker.DockerPlugin,com.typesafe.sbt.packager.archetypes.JavaAppPackaging,com.typesafe.sbt.packager.rpm.RpmPlugin,com.typesafe.sbt.packager.archetypes.scripts.BashStartScriptPlugin,com.typesafe.sbt.packager.windows.WindowsPlugin,com.typesafe.sbt.packager.archetypes.scripts.BatStartScriptPlugin,com.typesafe.sbt.packager.universal.UniversalPlugin,sbt.plugins.IvyPlugin,sbt.plugins.Giter8TemplatePlugin,com.typesafe.sbt.packager.debian.DebianPlugin,sbt.plugins.JvmPlugin,com.typesafe.sbt.SbtNativePackager,com.typesafe.sbt.packager.linux.LinuxPlugin,sbt.plugins.MiniDependencyTreePlugin,sbt.plugins.JUnitXmlReportPlugin,sbt.plugins.SemanticdbPlugin)[0m
[0m[[0m[0mdebug[0m] [0m[0mPlugins.deducer#function took 5.0398 ms[0m
[0m[[0m[0minfo[0m] [0m[0mloading settings for project check-in from build.sbt ...[0m
[0m[[0m[0mdebug[0m] [0m[0m        Load.resolveProject(check-in) took 49.0331ms[0m
[0m[[0m[0mdebug[0m] [0m[0m      Load.loadTransitive: finalizeProject(Project(id check-in, base: C:\Users\ThinkPad\SIMTEA-PFSD\Check-in, plugins: List(<none>))) took 55.8002ms[0m
[0m[[0m[0mdebug[0m] [0m[0m[Loading] Done in C:\Users\ThinkPad\SIMTEA-PFSD\Check-in, returning: (check-in)[0m
[0m[[0m[0mdebug[0m] [0m[0m    Load.loadUnit: loadedProjectsRaw took 212.480299ms[0m
[0m[[0m[0mdebug[0m] [0m[0m    Load.loadUnit: cleanEvalClasses took 35.6691ms[0m
[0m[[0m[0mdebug[0m] [0m[0m  Load.loadUnit(file:/C:/Users/ThinkPad/SIMTEA-PFSD/Check-in/, ...) took 2634.4967ms[0m
[0m[[0m[0mdebug[0m] [0m[0mLoad.apply: load took 2701.9614ms[0m
[0m[[0m[0mdebug[0m] [0m[0mLoad.apply: resolveProjects took 0.147101ms[0m
[0m[[0m[0mdebug[0m] [0m[0mLoad.apply: finalTransforms took 24.4429ms[0m
[0m[[0m[0mdebug[0m] [0m[0mLoad.apply: config.delegates took 2.0347ms[0m
[0m[[0m[0mdebug[0m] [0m[0mLoad.apply: Def.make(settings)... took 99.892201ms[0m
[0m[[0m[0mdebug[0m] [0m[0mLoad.apply: structureIndex took 23.4904ms[0m
[0m[[0m[0mdebug[0m] [0m[0mLoad.apply: mkStreams took 0.003101ms[0m
[0m[[0m[0minfo[0m] [0m[0mset current project to checkin-service (in build file:/C:/Users/ThinkPad/SIMTEA-PFSD/Check-in/)[0m
[0m[[0m[0mdebug[0m] [0m[0m> Exec(sbtPopOnFailure, None, None)[0m
[0m[[0m[0mdebug[0m] [0m[0m> Exec(resumeFromFailure, None, None)[0m
[0m[[0m[0mdebug[0m] [0m[0m> Exec(notifyUsersAboutShell, None, None)[0m
[0m[[0m[0mdebug[0m] [0m[0m> Exec(iflast shell, None, None)[0m
[0m[[0m[0mdebug[0m] [0m[0m> Exec(run, None, None)[0m
[0m[[0m[0mdebug[0m] [0m[0mEvaluating tasks: Compile / run[0m
[0m[[0m[0mdebug[0m] [0m[0mRunning task... Cancel: Signal, check cycles: false, forcegc: true[0m
